0 info it worked if it ends with ok
1 verbose cli [ 'E:\\Program Files\\nodejs\\node.exe',
1 verbose cli   'E:\\Program Files\\nodejs\\node_modules\\npm\\bin\\npm-cli.js',
1 verbose cli   'install',
1 verbose cli   'Material-UI',
1 verbose cli   '--save' ]
2 info using npm@2.14.12
3 info using node@v4.2.4
4 verbose install initial load of F:\Development\WebDevelopment\Node.js\workspace\osgiweb\package.json
5 verbose installManyTop reading scoped package data from F:\Development\WebDevelopment\Node.js\workspace\osgiweb\node_modules\babel-preset-react\package.json
6 verbose installManyTop reading scoped package data from F:\Development\WebDevelopment\Node.js\workspace\osgiweb\node_modules\body-parser\package.json
7 verbose installManyTop reading scoped package data from F:\Development\WebDevelopment\Node.js\workspace\osgiweb\node_modules\cookie-parser\package.json
8 verbose installManyTop reading scoped package data from F:\Development\WebDevelopment\Node.js\workspace\osgiweb\node_modules\debug\package.json
9 verbose installManyTop reading scoped package data from F:\Development\WebDevelopment\Node.js\workspace\osgiweb\node_modules\express\package.json
10 verbose installManyTop reading scoped package data from F:\Development\WebDevelopment\Node.js\workspace\osgiweb\node_modules\jade\package.json
11 verbose installManyTop reading scoped package data from F:\Development\WebDevelopment\Node.js\workspace\osgiweb\node_modules\morgan\package.json
12 verbose installManyTop reading scoped package data from F:\Development\WebDevelopment\Node.js\workspace\osgiweb\node_modules\react\package.json
13 verbose installManyTop reading scoped package data from F:\Development\WebDevelopment\Node.js\workspace\osgiweb\node_modules\react-bootstrap\package.json
14 verbose installManyTop reading scoped package data from F:\Development\WebDevelopment\Node.js\workspace\osgiweb\node_modules\react-dom\package.json
15 verbose installManyTop reading scoped package data from F:\Development\WebDevelopment\Node.js\workspace\osgiweb\node_modules\serve-favicon\package.json
16 verbose installManyTop reading scoped package data from F:\Development\WebDevelopment\Node.js\workspace\osgiweb\node_modules\webpack\package.json
17 verbose readDependencies loading dependencies from F:\Development\WebDevelopment\Node.js\workspace\osgiweb\package.json
18 silly cache add args [ 'Material-UI', null ]
19 verbose cache add spec Material-UI
20 silly cache add parsed spec Result {
20 silly cache add   raw: 'Material-UI',
20 silly cache add   scope: null,
20 silly cache add   name: 'Material-UI',
20 silly cache add   rawSpec: '',
20 silly cache add   spec: 'latest',
20 silly cache add   type: 'tag' }
21 silly addNamed Material-UI@latest
22 verbose addNamed "latest" is being treated as a dist-tag for Material-UI
23 info addNameTag [ 'Material-UI', 'latest' ]
24 silly mapToRegistry name Material-UI
25 silly mapToRegistry using default registry
26 silly mapToRegistry registry https://registry.npmjs.org/
27 silly mapToRegistry uri https://registry.npmjs.org/Material-UI
28 verbose addNameTag registry:https://registry.npmjs.org/Material-UI not in flight; fetching
29 verbose request uri https://registry.npmjs.org/Material-UI
30 verbose request no auth needed
31 info attempt registry request try #1 at 00:13:24
32 verbose request id 22a661ec309d0bf4
33 http request GET https://registry.npmjs.org/Material-UI
34 http 404 https://registry.npmjs.org/Material-UI
35 verbose headers { 'content-type': 'application/json',
35 verbose headers   'cache-control': 'max-age=0',
35 verbose headers   'content-length': '2',
35 verbose headers   'accept-ranges': 'bytes',
35 verbose headers   date: 'Thu, 10 Mar 2016 16:13:29 GMT',
35 verbose headers   via: '1.1 varnish',
35 verbose headers   age: '0',
35 verbose headers   connection: 'keep-alive',
35 verbose headers   'x-served-by': 'cache-sjc3124-SJC',
35 verbose headers   'x-cache': 'MISS',
35 verbose headers   'x-cache-hits': '0',
35 verbose headers   'x-timer': 'S1457626409.075030,VS0,VE49' }
36 silly get cb [ 404,
36 silly get   { 'content-type': 'application/json',
36 silly get     'cache-control': 'max-age=0',
36 silly get     'content-length': '2',
36 silly get     'accept-ranges': 'bytes',
36 silly get     date: 'Thu, 10 Mar 2016 16:13:29 GMT',
36 silly get     via: '1.1 varnish',
36 silly get     age: '0',
36 silly get     connection: 'keep-alive',
36 silly get     'x-served-by': 'cache-sjc3124-SJC',
36 silly get     'x-cache': 'MISS',
36 silly get     'x-cache-hits': '0',
36 silly get     'x-timer': 'S1457626409.075030,VS0,VE49' } ]
37 verbose stack Error: Registry returned 404 for GET on https://registry.npmjs.org/Material-UI
37 verbose stack     at makeError (E:\Program Files\nodejs\node_modules\npm\node_modules\npm-registry-client\lib\request.js:264:12)
37 verbose stack     at CachingRegistryClient.<anonymous> (E:\Program Files\nodejs\node_modules\npm\node_modules\npm-registry-client\lib\request.js:242:14)
37 verbose stack     at Request._callback (E:\Program Files\nodejs\node_modules\npm\node_modules\npm-registry-client\lib\request.js:172:14)
37 verbose stack     at Request.self.callback (E:\Program Files\nodejs\node_modules\npm\node_modules\request\request.js:198:22)
37 verbose stack     at emitTwo (events.js:87:13)
37 verbose stack     at Request.emit (events.js:172:7)
37 verbose stack     at Request.<anonymous> (E:\Program Files\nodejs\node_modules\npm\node_modules\request\request.js:1082:10)
37 verbose stack     at emitOne (events.js:82:20)
37 verbose stack     at Request.emit (events.js:169:7)
37 verbose stack     at IncomingMessage.<anonymous> (E:\Program Files\nodejs\node_modules\npm\node_modules\request\request.js:1009:12)
38 verbose statusCode 404
39 verbose pkgid Material-UI
40 verbose cwd F:\Development\WebDevelopment\Node.js\workspace\osgiweb
41 error Windows_NT 6.1.7601
42 error argv "E:\\Program Files\\nodejs\\node.exe" "E:\\Program Files\\nodejs\\node_modules\\npm\\bin\\npm-cli.js" "install" "Material-UI" "--save"
43 error node v4.2.4
44 error npm  v2.14.12
45 error code E404
46 error 404 Registry returned 404 for GET on https://registry.npmjs.org/Material-UI
46 error 404
46 error 404 'Material-UI' is not in the npm registry.
46 error 404 Your package name is not valid, because
46 error 404
46 error 404  1. name can no longer contain capital letters
46 error 404 It was specified as a dependency of 'osgiweb'
46 error 404
46 error 404 Note that you can also install from a
46 error 404 tarball, folder, http url, or git url.
47 verbose exit [ 1, true ]
